2025/08/10 20:34:41 [xTeVe] Version:                2.5 Build: 1
2025/08/10 20:34:41 [xTeVe] Database Version:       2.3.0
2025/08/10 20:34:41 [xTeVe] System Folder:          .xteve/
2025/08/10 20:34:41 [xTeVe] Load Settings:          .xteve/settings.json
2025/08/10 20:34:41 [xTeVe] System IP Addresses:    IPv4: 3 | IPv6: 0
2025/08/10 20:34:41 [xTeVe] Hostname:               devbox
2025/08/10 20:34:41 [xTeVe] Temporary Folder:       /tmp/xteve/2025-08-GCSR-EPTLNA/
2025/08/10 20:34:41 [xTeVe] SSDP / DLNA:            true
2025/08/10 20:34:41 [xTeVe] UUID:                   2025-08-GCSR-EPTLNA
2025/08/10 20:34:41 [xTeVe] Tuner (Plex / Emby):    1
2025/08/10 20:34:41 [xTeVe] EPG Source:             PMS
2025/08/10 20:34:41 [xTeVe] Plex Channel Limit:     480
2025/08/10 20:34:41 [xTeVe] All streams:            0
2025/08/10 20:34:41 [xTeVe] Active streams:         0
2025/08/10 20:34:41 [xTeVe] Filter:                 0
2025/08/10 20:34:41 [xTeVe] Web server:             Starting
2025/08/10 20:34:41 [xTeVe] DVR IP:                 192.168.0.2:34400
2025/08/10 20:34:41 [xTeVe] Web Interface:          http://192.168.0.2:34400/web/ | xTeVe is also available via the other 2 IP's.
2025/08/10 20:34:42 Received websocket message (type 1): {"cmd":"saveFilter","filter":{"0":{"type":"group-title"}}}
2025/08/10 20:34:42 Received websocket message (type 1): {"cmd":"saveFilesM3U","files":{"m3u":{"-":{"file.source":"https://raw.githubusercontent.com/ted-gould/xTeVe/main/src/testdata/c-span.us.m3u","name":"CSPAN"}}}}
2025/08/10 20:34:42 Received command: saveFilesM3U
2025/08/10 20:34:42 Saving files of type: m3u
2025/08/10 20:34:42 Getting provider data for file type: m3u, file ID: M0ASNXUNXPVFRPFQKI26
2025/08/10 20:34:42 [xTeVe] Download:               https://raw.githubusercontent.com/ted-gould/xTeVe/main/src/testdata/c-span.us.m3u
2025/08/10 20:34:43 Check File:https://raw.githubusercontent.com/ted-gould/xTeVe/main/src/testdata/c-span.us.m3u
2025/08/10 20:34:43 M3U body to be parsed:
#EXTM3U
#EXTINF:-1 tvg-id="CSPAN.us" tvg-name="C-SPAN" tvg-logo="https://i.imgur.com/SAyXl2E.png" group-title="News",C-SPAN
http://example.com/cspan
#EXTINF:-1 tvg-id="CSPAN2.us" tvg-name="C-SPAN 2" tvg-logo="https://i.imgur.com/E4I0OA9.png" group-title="News",C-SPAN 2
http://example.com/cspan2
#EXTINF:-1 tvg-id="CSPAN3.us" tvg-name="C-SPAN 3" tvg-logo="https://i.imgur.com/df90v1t.png" group-title="News",C-SPAN 3
http://example.com/cspan3
2025/08/10 20:34:43 Successfully parsed M3U file
2025/08/10 20:34:43 [xTeVe] Save File:              https://raw.githubusercontent.com/ted-gould/xTeVe/main/src/testdata/c-span.us.m3u [ID: M0ASNXUNXPVFRPFQKI26]
2025/08/10 20:34:43 [xTeVe] All streams:            3
2025/08/10 20:34:43 [xTeVe] Active streams:         3
2025/08/10 20:34:43 [xTeVe] Filter:                 0
2025/08/10 20:34:43 Received websocket message (type 1): {"cmd":"saveFilter","filter":{"0":{"active":true,"caseSensitive":true,"description":"Filter out CSPAN 2","exclude":"","filter":"CSPAN 2","include":"","name":"CSPAN2-Filter","preserveMapping":true,"rule":"","startingChannel":"1000","type":"group-title"}}}
2025/08/10 20:34:43 [xTeVe] All streams:            3
2025/08/10 20:34:43 [xTeVe] Active streams:         0
2025/08/10 20:34:43 [xTeVe] Filter:                 1
2025/08/10 20:34:43 Received websocket message (type 1): {"cmd":"updateFileM3U"}
